<?xml version="1.0" encoding="UTF-8"?>
<testsuite xmlns:xsi="http://www.w3.org/2001/XMLSchema-instance" xsi:noNamespaceSchemaLocation="https://maven.apache.org/surefire/maven-surefire-plugin/xsd/surefire-test-report-3.0.xsd" version="3.0" name="com.codeduel.All1000ProblemsVerificationTest" time="23.927" tests="1" errors="0" skipped="0" failures="0">
  <properties>
[...]
</properties>
  <testcase name="testAll1000ProblemsDataIntegrity" classname="com.codeduel.All1000ProblemsVerificationTest" time="3.568">
    <system-out><![CDATA[11:01:33.316 [main] INFO org.springframework.test.context.support.AnnotationConfigContextLoaderUtils -- Could not detect default configuration classes for test class [com.codeduel.All1000ProblemsVerificationTest]: All1000ProblemsVerificationTest does not declare any static, non-private, non-final, nested classes annotated with @Configuration.
11:01:33.577 [main] INFO org.springframework.boot.test.context.SpringBootTestContextBootstrapper -- Found @SpringBootConfiguration com.codeduel.CodeDuelApplication for test class com.codeduel.All1000ProblemsVerificationTest

  .   ____          _            __ _ _
 /\\ / ___'_ __ _ _(_)_ __  __ _ \ \ \ \
( ( )\___ | '_ | '_| | '_ \/ _` | \ \ \ \
 \\/  ___)| |_)| | | | | || (_| |  ) ) ) )
  '  |____| .__|_| |_|_| |_\__, | / / / /
 =========|_|==============|___/=/_/_/_/
 :: Spring Boot ::                (v3.2.5)

2026-08-24T11:01:34.660+05:30  INFO 20324 --- [codeduel-backend] [           main] c.c.All1000ProblemsVerificationTest      : Starting All1000ProblemsVerificationTest using Java 17.0.19 with PID 20324 (started by rajan in C:\Users\rajan\.gemini\antigravity\scratch\codeduel\backend)
2026-08-24T11:01:34.663+05:30  INFO 20324 --- [codeduel-backend] [           main] c.c.All1000ProblemsVerificationTest      : The following 1 profile is active: "dev"
2026-08-24T11:01:36.907+05:30  INFO 20324 --- [codeduel-backend] [           main] .s.d.r.c.RepositoryConfigurationDelegate : Multiple Spring Data modules found, entering strict repository configuration mode
2026-08-24T11:01:36.911+05:30  INFO 20324 --- [codeduel-backend] [           main] .s.d.r.c.RepositoryConfigurationDelegate : Bootstrapping Spring Data JPA repositories in DEFAULT mode.
2026-08-24T11:01:37.301+05:30  INFO 20324 --- [codeduel-backend] [           main] .s.d.r.c.RepositoryConfigurationDelegate : Finished Spring Data repository scanning in 371 ms. Found 11 JPA repository interfaces.
2026-08-24T11:01:37.347+05:30  INFO 20324 --- [codeduel-backend] [           main] .s.d.r.c.RepositoryConfigurationDelegate : Multiple Spring Data modules found, entering strict repository configuration mode
2026-08-24T11:01:37.350+05:30  INFO 20324 --- [codeduel-backend] [           main] .s.d.r.c.RepositoryConfigurationDelegate : Bootstrapping Spring Data Redis repositories in DEFAULT mode.
2026-08-24T11:01:37.390+05:30  INFO 20324 --- [codeduel-backend] [           main] .RepositoryConfigurationExtensionSupport : Spring Data Redis - Could not safely identify store assignment for repository candidate interface com.codeduel.repository.AchievementRepository; If you want this repository to be a Redis repository, consider annotating your entities with one of these annotations: org.springframework.data.redis.core.RedisHash (preferred), or consider extending one of the following types with your repository: org.springframework.data.keyvalue.repository.KeyValueRepository
2026-08-24T11:01:37.392+05:30  INFO 20324 --- [codeduel-backend] [           main] .RepositoryConfigurationExtensionSupport : Spring Data Redis - Could not safely identify store assignment for repository candidate interface com.codeduel.repository.MatchPlayerRepository; If you want this repository to be a Redis repository, consider annotating your entities with one of these annotations: org.springframework.data.redis.core.RedisHash (preferred), or consider extending one of the following types with your repository: org.springframework.data.keyvalue.repository.KeyValueRepository
2026-08-24T11:01:37.393+05:30  INFO 20324 --- [codeduel-backend] [           main] .RepositoryConfigurationExtensionSupport : Spring Data Redis - Could not safely identify store assignment for repository candidate interface com.codeduel.repository.MatchRepository; If you want this repository to be a Redis repository, consider annotating your entities with one of these annotations: org.springframework.data.redis.core.RedisHash (preferred), or consider extending one of the following types with your repository: org.springframework.data.keyvalue.repository.KeyValueRepository
2026-08-24T11:01:37.394+05:30  INFO 20324 --- [codeduel-backend] [           main] .RepositoryConfigurationExtensionSupport : Spring Data Redis - Could not safely identify store assignment for repository candidate interface com.codeduel.repository.NotificationRepository; If you want this repository to be a Redis repository, consider annotating your entities with one of these annotations: org.springframework.data.redis.core.RedisHash (preferred), or consider extending one of the following types with your repository: org.springframework.data.keyvalue.repository.KeyValueRepository
2026-08-24T11:01:37.394+05:30  INFO 20324 --- [codeduel-backend] [           main] .RepositoryConfigurationExtensionSupport : Spring Data Redis - Could not safely identify store assignment for repository candidate interface com.codeduel.repository.ProblemRepository; If you want this repository to be a Redis repository, consider annotating your entities with one of these annotations: org.springframework.data.redis.core.RedisHash (preferred), or consider extending one of the following types with your repository: org.springframework.data.keyvalue.repository.KeyValueRepository
2026-08-24T11:01:37.395+05:30  INFO 20324 --- [codeduel-backend] [           main] .RepositoryConfigurationExtensionSupport : Spring Data Redis - Could not safely identify store assignment for repository candidate interface com.codeduel.repository.RatingHistoryRepository; If you want this repository to be a Redis repository, consider annotating your entities with one of these annotations: org.springframework.data.redis.core.RedisHash (preferred), or consider extending one of the following types with your repository: org.springframework.data.keyvalue.repository.KeyValueRepository
2026-08-24T11:01:37.395+05:30  INFO 20324 --- [codeduel-backend] [           main] .RepositoryConfigurationExtensionSupport : Spring Data Redis - Could not safely identify store assignment for repository candidate interface com.codeduel.repository.SubmissionRepository; If you want this repository to be a Redis repository, consider annotating your entities with one of these annotations: org.springframework.data.redis.core.RedisHash (preferred), or consider extending one of the following types with your repository: org.springframework.data.keyvalue.repository.KeyValueRepository
2026-08-24T11:01:37.395+05:30  INFO 20324 --- [codeduel-backend] [           main] .RepositoryConfigurationExtensionSupport : Spring Data Redis - Could not safely identify store assignment for repository candidate interface com.codeduel.repository.TestCaseRepository; If you want this repository to be a Redis repository, consider annotating your entities with one of these annotations: org.springframework.data.redis.core.RedisHash (preferred), or consider extending one of the following types with your repository: org.springframework.data.keyvalue.repository.KeyValueRepository
2026-08-24T11:01:37.396+05:30  INFO 20324 --- [codeduel-backend] [           main] .RepositoryConfigurationExtensionSupport : Spring Data Redis - Could not safely identify store assignment for repository candidate interface com.codeduel.repository.UserAchievementRepository; If you want this repository to be a Redis repository, consider annotating your entities with one of these annotations: org.springframework.data.redis.core.RedisHash (preferred), or consider extending one of the following types with your repository: org.springframework.data.keyvalue.repository.KeyValueRepository
2026-08-24T11:01:37.396+05:30  INFO 20324 --- [codeduel-backend] [           main] .RepositoryConfigurationExtensionSupport : Spring Data Redis - Could not safely identify store assignment for repository candidate interface com.codeduel.repository.UserProblemHistoryRepository; If you want this repository to be a Redis repository, consider annotating your entities with one of these annotations: org.springframework.data.redis.core.RedisHash (preferred), or consider extending one of the following types with your repository: org.springframework.data.keyvalue.repository.KeyValueRepository
2026-08-24T11:01:37.397+05:30  INFO 20324 --- [codeduel-backend] [           main] .RepositoryConfigurationExtensionSupport : Spring Data Redis - Could not safely identify store assignment for repository candidate interface com.codeduel.repository.UserRepository; If you want this repository to be a Redis repository, consider annotating your entities with one of these annotations: org.springframework.data.redis.core.RedisHash (preferred), or consider extending one of the following types with your repository: org.springframework.data.keyvalue.repository.KeyValueRepository
2026-08-24T11:01:37.398+05:30  INFO 20324 --- [codeduel-backend] [           main] .s.d.r.c.RepositoryConfigurationDelegate : Finished Spring Data repository scanning in 23 ms. Found 0 Redis repository interfaces.
2026-08-24T11:01:38.590+05:30  INFO 20324 --- [codeduel-backend] [           main] o.hibernate.jpa.internal.util.LogHelper  : HHH000204: Processing PersistenceUnitInfo [name: default]
2026-08-24T11:01:38.725+05:30  INFO 20324 --- [codeduel-backend] [           main] org.hibernate.Version                    : HHH000412: Hibernate ORM core version 6.4.4.Final
2026-08-24T11:01:38.805+05:30  INFO 20324 --- [codeduel-backend] [           main] o.h.c.internal.RegionFactoryInitiator    : HHH000026: Second-level cache disabled
2026-08-24T11:01:39.596+05:30  INFO 20324 --- [codeduel-backend] [           main] o.s.o.j.p.SpringPersistenceUnitInfo      : No LoadTimeWeaver setup: ignoring JPA class transformer
2026-08-24T11:01:39.668+05:30  INFO 20324 --- [codeduel-backend] [           main] com.zaxxer.hikari.HikariDataSource       : HikariPool-1 - Starting...
2026-08-24T11:01:39.999+05:30  INFO 20324 --- [codeduel-backend] [           main] com.zaxxer.hikari.pool.HikariPool        : HikariPool-1 - Added connection conn0: url=jdbc:h2:mem:codedueldb user=SA
2026-08-24T11:01:40.002+05:30  INFO 20324 --- [codeduel-backend] [           main] com.zaxxer.hikari.HikariDataSource       : HikariPool-1 - Start completed.
2026-08-24T11:01:40.039+05:30  WARN 20324 --- [codeduel-backend] [           main] org.hibernate.orm.deprecation            : HHH90000025: H2Dialect does not need to be specified explicitly using 'hibernate.dialect' (remove the property setting and it will be selected by default)
2026-08-24T11:01:42.402+05:30  INFO 20324 --- [codeduel-backend] [           main] o.h.e.t.j.p.i.JtaPlatformInitiator       : HHH000489: No JTA platform available (set 'hibernate.transaction.jta.platform' to enable JTA platform integration)
2026-08-24T11:01:42.721+05:30  INFO 20324 --- [codeduel-backend] [           main] j.LocalContainerEntityManagerFactoryBean : Initialized JPA EntityManagerFactory for persistence unit 'default'
2026-08-24T11:01:43.533+05:30  INFO 20324 --- [codeduel-backend] [           main] o.s.d.j.r.query.QueryEnhancerFactory     : Hibernate is in classpath; If applicable, HQL parser will be used.
2026-08-24T11:01:47.259+05:30  WARN 20324 --- [codeduel-backend] [           main] JpaBaseConfiguration$JpaWebConfiguration : spring.jpa.open-in-view is enabled by default. Therefore, database queries may be performed during view rendering. Explicitly configure spring.jpa.open-in-view to disable this warning
2026-08-24T11:01:48.100+05:30  INFO 20324 --- [codeduel-backend] [           main] o.s.s.web.DefaultSecurityFilterChain     : Will secure any request with [org.springframework.security.web.session.DisableEncodeUrlFilter@6d84d371, org.springframework.security.web.context.request.async.WebAsyncManagerIntegrationFilter@543fb2cd, org.springframework.security.web.context.SecurityContextHolderFilter@4f598dfb, org.springframework.security.web.header.HeaderWriterFilter@2c0c1730, org.springframework.web.filter.CorsFilter@254c4757, org.springframework.security.web.authentication.logout.LogoutFilter@70bf8804, com.codeduel.config.JwtAuthenticationFilter@680c372f, org.springframework.security.web.savedrequest.RequestCacheAwareFilter@3c76e23b, org.springframework.security.web.servletapi.SecurityContextHolderAwareRequestFilter@3cd94f7d, org.springframework.security.web.authentication.AnonymousAuthenticationFilter@66bc8107, org.springframework.security.web.session.SessionManagementFilter@3c932222, org.springframework.security.web.access.ExceptionTranslationFilter@321f3b88, org.springframework.security.web.access.intercept.AuthorizationFilter@32f17e62]
2026-08-24T11:01:48.926+05:30  INFO 20324 --- [codeduel-backend] [           main] o.s.b.a.h2.H2ConsoleAutoConfiguration    : H2 console available at '/h2-console'. Database available at 'jdbc:h2:mem:codedueldb'
2026-08-24T11:01:49.121+05:30  INFO 20324 --- [codeduel-backend] [           main] o.s.m.s.b.SimpleBrokerMessageHandler     : Starting...
2026-08-24T11:01:49.147+05:30  INFO 20324 --- [codeduel-backend] [           main] o.s.m.s.b.SimpleBrokerMessageHandler     : BrokerAvailabilityEvent[available=true, SimpleBrokerMessageHandler [org.springframework.messaging.simp.broker.DefaultSubscriptionRegistry@62e42995]]
2026-08-24T11:01:49.149+05:30  INFO 20324 --- [codeduel-backend] [           main] o.s.m.s.b.SimpleBrokerMessageHandler     : Started.
2026-08-24T11:01:49.168+05:30  INFO 20324 --- [codeduel-backend] [           main] c.c.All1000ProblemsVerificationTest      : Started All1000ProblemsVerificationTest in 15.332 seconds (process running for 17.11)
2026-08-24T11:01:49.371+05:30  INFO 20324 --- [codeduel-backend] [           main] com.codeduel.seed.ProblemSeeder          : Seeding initial users...
2026-08-24T11:01:49.915+05:30  INFO 20324 --- [codeduel-backend] [           main] com.codeduel.seed.ProblemSeeder          : Initial users seeded successfully.
2026-08-24T11:01:49.926+05:30  INFO 20324 --- [codeduel-backend] [           main] com.codeduel.seed.ProblemSeeder          : Seeding initial achievements...
2026-08-24T11:01:49.950+05:30  INFO 20324 --- [codeduel-backend] [           main] com.codeduel.seed.ProblemSeeder          : Achievements seeded successfully.
2026-08-24T11:01:49.953+05:30  INFO 20324 --- [codeduel-backend] [           main] com.codeduel.seed.ProblemSeeder          : Purging and building 1,000 fully-verified authentic LeetCode DSA questions...
2026-08-24T11:01:53.083+05:30  INFO 20324 --- [codeduel-backend] [           main] com.codeduel.seed.ProblemSeeder          : Successfully verified and seeded 1000 total DSA problems into CodeDuel bank!
]]></system-out>
  </testcase>
</testsuite>